{
  "meta": {
    "format": 3,
    "version": "7.8.0",
    "timestamp": "2025-05-01T15:23:24.438637",
    "branch_coverage": false,
    "show_contexts": false
  },
  "files": {
    "config.py": {
      "executed_lines": [
        5,
        7,
        8,
        9,
        10,
        11,
        14,
        15,
        17,
        18,
        20,
        21,
        23,
        24,
        27,
        49,
        52,
        53,
        56,
        63,
        66,
        67,
        69,
        70,
        73,
        74,
        76,
        79,
        80,
        81,
        82,
        83,
        86,
        87,
        88,
        89,
        90,
        91,
        94,
        103,
        104,
        105,
        107,
        116,
        120,
        121,
        122,
        125,
        126,
        127,
        133,
        142,
        145,
        146,
        149,
        152,
        153,
        156,
        159,
        160,
        161,
        164,
        165,
        166,
        167,
        170,
        173,
        179,
        182,
        198,
        205,
        206,
        207,
        208,
        209,
        210,
        211,
        212,
        213,
        215,
        222,
        229,
        232,
        233,
        234,
        235,
        239,
        240,
        241,
        243,
        244,
        246,
        247,
        249,
        250,
        252,
        253,
        256,
        257,
        259,
        260,
        262,
        263,
        266,
        267,
        269,
        270,
        273,
        274,
        277,
        278
      ],
      "summary": {
        "covered_lines": 110,
        "num_statements": 117,
        "percent_covered": 94.01709401709402,
        "percent_covered_display": "94",
        "missing_lines": 7,
        "excluded_lines": 0
      },
      "missing_lines": [
        117,
        118,
        128,
        129,
        130,
        174,
        177
      ],
      "excluded_lines": [],
      "functions": {
        "is_model_downloaded": {
          "executed_lines": [
            103,
            104,
            105
          ],
          "summary": {
            "covered_lines": 3,
            "num_statements": 3,
            "percent_covered": 100.0,
            "percent_covered_display": "100",
            "missing_lines": 0,
            "excluded_lines": 0
          },
          "missing_lines": [],
          "excluded_lines": []
        },
        "load_config": {
          "executed_lines": [
            116,
            120,
            121,
            122,
            125,
            126,
            127
          ],
          "summary": {
            "covered_lines": 7,
            "num_statements": 12,
            "percent_covered": 58.333333333333336,
            "percent_covered_display": "58",
            "missing_lines": 5,
            "excluded_lines": 0
          },
          "missing_lines": [
            117,
            118,
            128,
            129,
            130
          ],
          "excluded_lines": []
        },
        "validate_config": {
          "executed_lines": [
            142,
            145,
            146,
            149,
            152,
            153,
            156,
            159,
            160,
            161,
            164,
            165,
            166,
            167,
            170,
            173,
            179
          ],
          "summary": {
            "covered_lines": 17,
            "num_statements": 19,
            "percent_covered": 89.47368421052632,
            "percent_covered_display": "89",
            "missing_lines": 2,
            "excluded_lines": 0
          },
          "missing_lines": [
            174,
            177
          ],
          "excluded_lines": []
        },
        "save_config": {
          "executed_lines": [
            198,
            205,
            206,
            207,
            208,
            209,
            210,
            211,
            212,
            213
          ],
          "summary": {
            "covered_lines": 10,
            "num_statements": 10,
            "percent_covered": 100.0,
            "percent_covered_display": "100",
            "missing_lines": 0,
            "excluded_lines": 0
          },
          "missing_lines": [],
          "excluded_lines": []
        },
        "update_logging": {
          "executed_lines": [
            222,
            229,
            232,
            233,
            234,
            235
          ],
          "summary": {
            "covered_lines": 6,
            "num_statements": 6,
            "percent_covered": 100.0,
            "percent_covered_display": "100",
            "missing_lines": 0,
            "excluded_lines": 0
          },
          "missing_lines": [],
          "excluded_lines": []
        },
        "": {
          "executed_lines": [
            5,
            7,
            8,
            9,
            10,
            11,
            14,
            15,
            17,
            18,
            20,
            21,
            23,
            24,
            27,
            49,
            52,
            53,
            56,
            63,
            66,
            67,
            69,
            70,
            73,
            74,
            76,
            79,
            80,
            81,
            82,
            83,
            86,
            87,
            88,
            89,
            90,
            91,
            94,
            107,
            133,
            182,
            215,
            239,
            240,
            241,
            243,
            244,
            246,
            247,
            249,
            250,
            252,
            253,
            256,
            257,
            259,
            260,
            262,
            263,
            266,
            267,
            269,
            270,
            273,
            274,
            277,
            278
          ],
          "summary": {
            "covered_lines": 67,
            "num_statements": 67,
            "percent_covered": 100.0,
            "percent_covered_display": "100",
            "missing_lines": 0,
            "excluded_lines": 0
          },
          "missing_lines": [],
          "excluded_lines": []
        }
      },
      "classes": {
        "": {
          "executed_lines": [
            5,
            7,
            8,
            9,
            10,
            11,
            14,
            15,
            17,
            18,
            20,
            21,
            23,
            24,
            27,
            49,
            52,
            53,
            56,
            63,
            66,
            67,
            69,
            70,
            73,
            74,
            76,
            79,
            80,
            81,
            82,
            83,
            86,
            87,
            88,
            89,
            90,
            91,
            94,
            103,
            104,
            105,
            107,
            116,
            120,
            121,
            122,
            125,
            126,
            127,
            133,
            142,
            145,
            146,
            149,
            152,
            153,
            156,
            159,
            160,
            161,
            164,
            165,
            166,
            167,
            170,
            173,
            179,
            182,
            198,
            205,
            206,
            207,
            208,
            209,
            210,
            211,
            212,
            213,
            215,
            222,
            229,
            232,
            233,
            234,
            235,
            239,
            240,
            241,
            243,
            244,
            246,
            247,
            249,
            250,
            252,
            253,
            256,
            257,
            259,
            260,
            262,
            263,
            266,
            267,
            269,
            270,
            273,
            274,
            277,
            278
          ],
          "summary": {
            "covered_lines": 110,
            "num_statements": 117,
            "percent_covered": 94.01709401709402,
            "percent_covered_display": "94",
            "missing_lines": 7,
            "excluded_lines": 0
          },
          "missing_lines": [
            117,
            118,
            128,
            129,
            130,
            174,
            177
          ],
          "excluded_lines": []
        }
      }
    },
    "core/__init__.py": {
      "executed_lines": [],
      "summary": {
        "covered_lines": 0,
        "num_statements": 0,
        "percent_covered": 100.0,
        "percent_covered_display": "100",
        "missing_lines": 0,
        "excluded_lines": 0
      },
      "missing_lines": [],
      "excluded_lines": [],
      "functions": {
        "": {
          "executed_lines": [],
          "summary": {
            "covered_lines": 0,
            "num_statements": 0,
            "percent_covered": 100.0,
            "percent_covered_display": "100",
            "missing_lines": 0,
            "excluded_lines": 0
          },
          "missing_lines": [],
          "excluded_lines": []
        }
      },
      "classes": {
        "": {
          "executed_lines": [],
          "summary": {
            "covered_lines": 0,
            "num_statements": 0,
            "percent_covered": 100.0,
            "percent_covered_display": "100",
            "missing_lines": 0,
            "excluded_lines": 0
          },
          "missing_lines": [],
          "excluded_lines": []
        }
      }
    },
    "core/model_downloader.py": {
      "executed_lines": [],
      "summary": {
        "covered_lines": 0,
        "num_statements": 112,
        "percent_covered": 0.0,
        "percent_covered_display": "0",
        "missing_lines": 112,
        "excluded_lines": 0
      },
      "missing_lines": [
        7,
        8,
        10,
        12,
        22,
        28,
        29,
        30,
        32,
        33,
        34,
        35,
        36,
        37,
        39,
        40,
        41,
        42,
        43,
        44,
        45,
        48,
        71,
        72,
        73,
        75,
        76,
        77,
        78,
        79,
        80,
        82,
        83,
        84,
        85,
        86,
        87,
        88,
        89,
        90,
        91,
        92,
        94,
        95,
        96,
        97,
        98,
        99,
        100,
        103,
        112,
        113,
        114,
        115,
        117,
        118,
        119,
        122,
        123,
        124,
        125,
        126,
        127,
        129,
        130,
        131,
        132,
        133,
        134,
        135,
        136,
        137,
        139,
        140,
        141,
        142,
        144,
        145,
        147,
        148,
        151,
        152,
        153,
        155,
        156,
        157,
        158,
        159,
        160,
        161,
        165,
        178,
        179,
        180,
        182,
        183,
        184,
        185,
        200,
        201,
        202,
        204,
        205,
        206,
        207,
        209,
        210,
        211,
        212,
        213,
        214,
        215
      ],
      "excluded_lines": [],
      "functions": {
        "is_model_fully_downloaded": {
          "executed_lines": [],
          "summary": {
            "covered_lines": 0,
            "num_statements": 16,
            "percent_covered": 0.0,
            "percent_covered_display": "0",
            "missing_lines": 16,
            "excluded_lines": 0
          },
          "missing_lines": [
            28,
            29,
            30,
            32,
            33,
            34,
            35,
            36,
            37,
            39,
            40,
            41,
            42,
            43,
            44,
            45
          ],
          "excluded_lines": []
        },
        "download_model_file": {
          "executed_lines": [],
          "summary": {
            "covered_lines": 0,
            "num_statements": 27,
            "percent_covered": 0.0,
            "percent_covered_display": "0",
            "missing_lines": 27,
            "excluded_lines": 0
          },
          "missing_lines": [
            71,
            72,
            73,
            75,
            76,
            77,
            78,
            79,
            80,
            82,
            83,
            84,
            85,
            86,
            87,
            88,
            89,
            90,
            91,
            92,
            94,
            95,
            96,
            97,
            98,
            99,
            100
          ],
          "excluded_lines": []
        },
        "download_model": {
          "executed_lines": [],
          "summary": {
            "covered_lines": 0,
            "num_statements": 40,
            "percent_covered": 0.0,
            "percent_covered_display": "0",
            "missing_lines": 40,
            "excluded_lines": 0
          },
          "missing_lines": [
            112,
            113,
            114,
            115,
            117,
            118,
            119,
            122,
            123,
            124,
            125,
            126,
            127,
            129,
            130,
            131,
            132,
            133,
            134,
            135,
            136,
            137,
            139,
            140,
            141,
            142,
            144,
            145,
            147,
            148,
            151,
            152,
            153,
            155,
            156,
            157,
            158,
            159,
            160,
            161
          ],
          "excluded_lines": []
        },
        "ensure_model_available": {
          "executed_lines": [],
          "summary": {
            "covered_lines": 0,
            "num_statements": 21,
            "percent_covered": 0.0,
            "percent_covered_display": "0",
            "missing_lines": 21,
            "excluded_lines": 0
          },
          "missing_lines": [
            178,
            179,
            180,
            182,
            183,
            184,
            185,
            200,
            201,
            202,
            204,
            205,
            206,
            207,
            209,
            210,
            211,
            212,
            213,
            214,
            215
          ],
          "excluded_lines": []
        },
        "": {
          "executed_lines": [],
          "summary": {
            "covered_lines": 0,
            "num_statements": 8,
            "percent_covered": 0.0,
            "percent_covered_display": "0",
            "missing_lines": 8,
            "excluded_lines": 0
          },
          "missing_lines": [
            7,
            8,
            10,
            12,
            22,
            48,
            103,
            165
          ],
          "excluded_lines": []
        }
      },
      "classes": {
        "": {
          "executed_lines": [],
          "summary": {
            "covered_lines": 0,
            "num_statements": 112,
            "percent_covered": 0.0,
            "percent_covered_display": "0",
            "missing_lines": 112,
            "excluded_lines": 0
          },
          "missing_lines": [
            7,
            8,
            10,
            12,
            22,
            28,
            29,
            30,
            32,
            33,
            34,
            35,
            36,
            37,
            39,
            40,
            41,
            42,
            43,
            44,
            45,
            48,
            71,
            72,
            73,
            75,
            76,
            77,
            78,
            79,
            80,
            82,
            83,
            84,
            85,
            86,
            87,
            88,
            89,
            90,
            91,
            92,
            94,
            95,
            96,
            97,
            98,
            99,
            100,
            103,
            112,
            113,
            114,
            115,
            117,
            118,
            119,
            122,
            123,
            124,
            125,
            126,
            127,
            129,
            130,
            131,
            132,
            133,
            134,
            135,
            136,
            137,
            139,
            140,
            141,
            142,
            144,
            145,
            147,
            148,
            151,
            152,
            153,
            155,
            156,
            157,
            158,
            159,
            160,
            161,
            165,
            178,
            179,
            180,
            182,
            183,
            184,
            185,
            200,
            201,
            202,
            204,
            205,
            206,
            207,
            209,
            210,
            211,
            212,
            213,
            214,
            215
          ],
          "excluded_lines": []
        }
      }
    },
    "core/transcriber.py": {
      "executed_lines": [],
      "summary": {
        "covered_lines": 0,
        "num_statements": 120,
        "percent_covered": 0.0,
        "percent_covered_display": "0",
        "missing_lines": 120,
        "excluded_lines": 0
      },
      "missing_lines": [
        7,
        8,
        9,
        11,
        13,
        23,
        25,
        26,
        27,
        28,
        29,
        30,
        31,
        32,
        35,
        41,
        42,
        43,
        44,
        45,
        47,
        48,
        49,
        50,
        51,
        52,
        53,
        54,
        55,
        58,
        67,
        68,
        69,
        70,
        71,
        74,
        96,
        97,
        98,
        100,
        101,
        102,
        104,
        105,
        106,
        107,
        108,
        109,
        112,
        113,
        114,
        115,
        116,
        117,
        118,
        119,
        120,
        121,
        122,
        123,
        126,
        127,
        128,
        129,
        130,
        131,
        132,
        133,
        135,
        136,
        137,
        139,
        140,
        141,
        147,
        148,
        150,
        151,
        152,
        154,
        155,
        157,
        158,
        159,
        160,
        161,
        162,
        163,
        164,
        166,
        167,
        168,
        169,
        171,
        172,
        173,
        174,
        175,
        176,
        177,
        179,
        180,
        181,
        182,
        183,
        185,
        186,
        187,
        189,
        190,
        191,
        193,
        194,
        195,
        196,
        197,
        198,
        199,
        200,
        201
      ],
      "excluded_lines": [],
      "functions": {
        "ensure_output_directory": {
          "executed_lines": [],
          "summary": {
            "covered_lines": 0,
            "num_statements": 8,
            "percent_covered": 0.0,
            "percent_covered_display": "0",
            "missing_lines": 8,
            "excluded_lines": 0
          },
          "missing_lines": [
            25,
            26,
            27,
            28,
            29,
            30,
            31,
            32
          ],
          "excluded_lines": []
        },
        "load_sensitive_words": {
          "executed_lines": [],
          "summary": {
            "covered_lines": 0,
            "num_statements": 14,
            "percent_covered": 0.0,
            "percent_covered_display": "0",
            "missing_lines": 14,
            "excluded_lines": 0
          },
          "missing_lines": [
            41,
            42,
            43,
            44,
            45,
            47,
            48,
            49,
            50,
            51,
            52,
            53,
            54,
            55
          ],
          "excluded_lines": []
        },
        "format_time": {
          "executed_lines": [],
          "summary": {
            "covered_lines": 0,
            "num_statements": 5,
            "percent_covered": 0.0,
            "percent_covered_display": "0",
            "missing_lines": 5,
            "excluded_lines": 0
          },
          "missing_lines": [
            67,
            68,
            69,
            70,
            71
          ],
          "excluded_lines": []
        },
        "transcribe_audio": {
          "executed_lines": [],
          "summary": {
            "covered_lines": 0,
            "num_statements": 84,
            "percent_covered": 0.0,
            "percent_covered_display": "0",
            "missing_lines": 84,
            "excluded_lines": 0
          },
          "missing_lines": [
            96,
            97,
            98,
            100,
            101,
            102,
            104,
            105,
            106,
            107,
            108,
            109,
            112,
            113,
            114,
            115,
            116,
            117,
            118,
            119,
            120,
            121,
            122,
            123,
            126,
            127,
            128,
            129,
            130,
            131,
            132,
            133,
            135,
            136,
            137,
            139,
            140,
            141,
            147,
            148,
            150,
            151,
            152,
            154,
            155,
            157,
            158,
            159,
            160,
            161,
            162,
            163,
            164,
            166,
            167,
            168,
            169,
            171,
            172,
            173,
            174,
            175,
            176,
            177,
            179,
            180,
            181,
            182,
            183,
            185,
            186,
            187,
            189,
            190,
            191,
            193,
            194,
            195,
            196,
            197,
            198,
            199,
            200,
            201
          ],
          "excluded_lines": []
        },
        "": {
          "executed_lines": [],
          "summary": {
            "covered_lines": 0,
            "num_statements": 9,
            "percent_covered": 0.0,
            "percent_covered_display": "0",
            "missing_lines": 9,
            "excluded_lines": 0
          },
          "missing_lines": [
            7,
            8,
            9,
            11,
            13,
            23,
            35,
            58,
            74
          ],
          "excluded_lines": []
        }
      },
      "classes": {
        "": {
          "executed_lines": [],
          "summary": {
            "covered_lines": 0,
            "num_statements": 120,
            "percent_covered": 0.0,
            "percent_covered_display": "0",
            "missing_lines": 120,
            "excluded_lines": 0
          },
          "missing_lines": [
            7,
            8,
            9,
            11,
            13,
            23,
            25,
            26,
            27,
            28,
            29,
            30,
            31,
            32,
            35,
            41,
            42,
            43,
            44,
            45,
            47,
            48,
            49,
            50,
            51,
            52,
            53,
            54,
            55,
            58,
            67,
            68,
            69,
            70,
            71,
            74,
            96,
            97,
            98,
            100,
            101,
            102,
            104,
            105,
            106,
            107,
            108,
            109,
            112,
            113,
            114,
            115,
            116,
            117,
            118,
            119,
            120,
            121,
            122,
            123,
            126,
            127,
            128,
            129,
            130,
            131,
            132,
            133,
            135,
            136,
            137,
            139,
            140,
            141,
            147,
            148,
            150,
            151,
            152,
            154,
            155,
            157,
            158,
            159,
            160,
            161,
            162,
            163,
            164,
            166,
            167,
            168,
            169,
            171,
            172,
            173,
            174,
            175,
            176,
            177,
            179,
            180,
            181,
            182,
            183,
            185,
            186,
            187,
            189,
            190,
            191,
            193,
            194,
            195,
            196,
            197,
            198,
            199,
            200,
            201
          ],
          "excluded_lines": []
        }
      }
    },
    "gui/__init__.py": {
      "executed_lines": [],
      "summary": {
        "covered_lines": 0,
        "num_statements": 0,
        "percent_covered": 100.0,
        "percent_covered_display": "100",
        "missing_lines": 0,
        "excluded_lines": 0
      },
      "missing_lines": [],
      "excluded_lines": [],
      "functions": {
        "": {
          "executed_lines": [],
          "summary": {
            "covered_lines": 0,
            "num_statements": 0,
            "percent_covered": 100.0,
            "percent_covered_display": "100",
            "missing_lines": 0,
            "excluded_lines": 0
          },
          "missing_lines": [],
          "excluded_lines": []
        }
      },
      "classes": {
        "": {
          "executed_lines": [],
          "summary": {
            "covered_lines": 0,
            "num_statements": 0,
            "percent_covered": 100.0,
            "percent_covered_display": "100",
            "missing_lines": 0,
            "excluded_lines": 0
          },
          "missing_lines": [],
          "excluded_lines": []
        }
      }
    },
    "gui/main_window.py": {
      "executed_lines": [],
      "summary": {
        "covered_lines": 0,
        "num_statements": 567,
        "percent_covered": 0.0,
        "percent_covered_display": "0",
        "missing_lines": 567,
        "excluded_lines": 0
      },
      "missing_lines": [
        7,
        8,
        9,
        10,
        11,
        13,
        14,
        15,
        16,
        21,
        23,
        27,
        28,
        29,
        32,
        34,
        35,
        36,
        37,
        38,
        40,
        41,
        42,
        44,
        45,
        46,
        47,
        48,
        49,
        50,
        51,
        52,
        53,
        54,
        55,
        56,
        57,
        58,
        63,
        64,
        65,
        66,
        67,
        68,
        69,
        70,
        71,
        72,
        73,
        74,
        75,
        76,
        77,
        78,
        79,
        80,
        82,
        84,
        86,
        87,
        88,
        93,
        94,
        95,
        96,
        97,
        98,
        99,
        100,
        102,
        103,
        104,
        105,
        106,
        108,
        110,
        112,
        113,
        114,
        116,
        117,
        118,
        119,
        121,
        123,
        125,
        126,
        127,
        128,
        129,
        130,
        131,
        134,
        135,
        136,
        137,
        138,
        140,
        141,
        142,
        143,
        146,
        147,
        150,
        151,
        152,
        153,
        154,
        155,
        156,
        157,
        158,
        159,
        160,
        163,
        164,
        165,
        166,
        169,
        170,
        171,
        172,
        173,
        174,
        175,
        176,
        177,
        178,
        179,
        180,
        181,
        182,
        183,
        186,
        187,
        188,
        189,
        190,
        191,
        192,
        194,
        197,
        198,
        199,
        202,
        203,
        204,
        205,
        206,
        207,
        208,
        210,
        211,
        212,
        213,
        214,
        216,
        219,
        220,
        221,
        222,
        223,
        226,
        227,
        228,
        229,
        232,
        233,
        234,
        235,
        236,
        237,
        238,
        240,
        241,
        242,
        243,
        244,
        245,
        246,
        249,
        250,
        251,
        252,
        253,
        254,
        257,
        258,
        259,
        260,
        263,
        264,
        265,
        266,
        267,
        270,
        271,
        272,
        273,
        274,
        275,
        278,
        279,
        280,
        282,
        283,
        284,
        285,
        286,
        287,
        288,
        289,
        291,
        293,
        294,
        295,
        296,
        297,
        300,
        301,
        303,
        304,
        306,
        308,
        310,
        311,
        312,
        314,
        316,
        317,
        318,
        319,
        320,
        321,
        323,
        325,
        326,
        328,
        329,
        331,
        333,
        334,
        335,
        336,
        337,
        338,
        339,
        340,
        341,
        343,
        345,
        346,
        347,
        348,
        349,
        350,
        351,
        352,
        353,
        354,
        355,
        356,
        358,
        360,
        361,
        362,
        363,
        364,
        365,
        366,
        367,
        368,
        369,
        370,
        371,
        372,
        373,
        374,
        375,
        377,
        379,
        380,
        381,
        382,
        383,
        384,
        385,
        386,
        387,
        388,
        389,
        391,
        393,
        394,
        395,
        396,
        397,
        398,
        399,
        400,
        401,
        403,
        405,
        406,
        407,
        408,
        409,
        410,
        411,
        412,
        413,
        415,
        417,
        418,
        419,
        420,
        421,
        422,
        424,
        425,
        426,
        427,
        428,
        429,
        430,
        432,
        434,
        435,
        436,
        437,
        438,
        439,
        440,
        441,
        442,
        443,
        444,
        445,
        446,
        447,
        453,
        454,
        455,
        456,
        457,
        458,
        459,
        460,
        461,
        462,
        463,
        464,
        465,
        466,
        467,
        468,
        469,
        471,
        473,
        474,
        475,
        476,
        477,
        478,
        480,
        481,
        482,
        483,
        484,
        485,
        486,
        488,
        490,
        491,
        493,
        495,
        496,
        497,
        498,
        499,
        500,
        502,
        503,
        505,
        506,
        507,
        508,
        509,
        510,
        511,
        512,
        513,
        514,
        515,
        516,
        517,
        518,
        519,
        520,
        521,
        522,
        523,
        524,
        525,
        526,
        528,
        530,
        531,
        536,
        537,
        538,
        539,
        540,
        541,
        542,
        543,
        544,
        545,
        546,
        547,
        548,
        549,
        550,
        551,
        552,
        553,
        554,
        556,
        558,
        559,
        560,
        561,
        562,
        563,
        564,
        566,
        568,
        569,
        570,
        571,
        572,
        573,
        574,
        575,
        576,
        577,
        578,
        579,
        581,
        583,
        584,
        585,
        586,
        587,
        589,
        591,
        592,
        593,
        594,
        595,
        596,
        597,
        598,
        599,
        600,
        602,
        604,
        605,
        606,
        607,
        608,
        609,
        610,
        611,
        612,
        614,
        616,
        617,
        618,
        619,
        620,
        621,
        622,
        623,
        625,
        627,
        628,
        629,
        630,
        631,
        632,
        633,
        634,
        635,
        636,
        637,
        638,
        639,
        640,
        641,
        642,
        643,
        644,
        645,
        646,
        647,
        648,
        649,
        650,
        651,
        652,
        653,
        654,
        655,
        657,
        658,
        659,
        660,
        662,
        663,
        664,
        665,
        667,
        669,
        670,
        671,
        672,
        673,
        674,
        675,
        676,
        677,
        678,
        679,
        680,
        681,
        682,
        683,
        684,
        685,
        686,
        687,
        688,
        689,
        690,
        691,
        692,
        693,
        694,
        697,
        698,
        699,
        700,
        701,
        702,
        703,
        704,
        705,
        706,
        707,
        708,
        710,
        712,
        713,
        714,
        715,
        716
      ],
      "excluded_lines": [],
      "functions": {
        "TranscriptionThread.__init__": {
          "executed_lines": [],
          "summary": {
            "covered_lines": 0,
            "num_statements": 2,
            "percent_covered": 0.0,
            "percent_covered_display": "0",
            "missing_lines": 2,
            "excluded_lines": 0
          },
          "missing_lines": [
            41,
            42
          ],
          "excluded_lines": []
        },
        "TranscriptionThread.run": {
          "executed_lines": [],
          "summary": {
            "covered_lines": 0,
            "num_statements": 32,
            "percent_covered": 0.0,
            "percent_covered_display": "0",
            "missing_lines": 32,
            "excluded_lines": 0
          },
          "missing_lines": [
            45,
            46,
            47,
            48,
            49,
            50,
            51,
            52,
            53,
            54,
            55,
            56,
            57,
            58,
            63,
            64,
            65,
            66,
            67,
            68,
            69,
            70,
            71,
            72,
            73,
            74,
            75,
            76,
            77,
            78,
            79,
            80
          ],
          "excluded_lines": []
        },
        "BackgroundAppUpdateChecker.run": {
          "executed_lines": [],
          "summary": {
            "covered_lines": 0,
            "num_statements": 15,
            "percent_covered": 0.0,
            "percent_covered_display": "0",
            "missing_lines": 15,
            "excluded_lines": 0
          },
          "missing_lines": [
            87,
            88,
            93,
            94,
            95,
            96,
            97,
            98,
            99,
            100,
            102,
            103,
            104,
            105,
            106
          ],
          "excluded_lines": []
        },
        "ClickableStatusBar.__init__": {
          "executed_lines": [],
          "summary": {
            "covered_lines": 0,
            "num_statements": 2,
            "percent_covered": 0.0,
            "percent_covered_display": "0",
            "missing_lines": 2,
            "excluded_lines": 0
          },
          "missing_lines": [
            113,
            114
          ],
          "excluded_lines": []
        },
        "ClickableStatusBar.mousePressEvent": {
          "executed_lines": [],
          "summary": {
            "covered_lines": 0,
            "num_statements": 3,
            "percent_covered": 0.0,
            "percent_covered_display": "0",
            "missing_lines": 3,
            "excluded_lines": 0
          },
          "missing_lines": [
            117,
            118,
            119
          ],
          "excluded_lines": []
        },
        "MainWindow.__init__": {
          "executed_lines": [],
          "summary": {
            "covered_lines": 0,
            "num_statements": 127,
            "percent_covered": 0.0,
            "percent_covered_display": "0",
            "missing_lines": 127,
            "excluded_lines": 0
          },
          "missing_lines": [
            125,
            126,
            127,
            128,
            129,
            130,
            131,
            134,
            135,
            136,
            137,
            138,
            140,
            141,
            142,
            143,
            146,
            147,
            150,
            151,
            152,
            153,
            154,
            155,
            156,
            157,
            158,
            159,
            160,
            163,
            164,
            165,
            166,
            169,
            170,
            171,
            172,
            173,
            174,
            175,
            176,
            177,
            178,
            179,
            180,
            181,
            182,
            183,
            186,
            187,
            188,
            189,
            190,
            191,
            192,
            194,
            197,
            198,
            199,
            202,
            203,
            204,
            205,
            206,
            207,
            208,
            210,
            211,
            212,
            213,
            214,
            216,
            219,
            220,
            221,
            222,
            223,
            226,
            227,
            228,
            229,
            232,
            233,
            234,
            235,
            236,
            237,
            238,
            240,
            241,
            242,
            243,
            244,
            245,
            246,
            249,
            250,
            251,
            252,
            253,
            254,
            257,
            258,
            259,
            260,
            263,
            264,
            265,
            266,
            267,
            270,
            271,
            272,
            273,
            274,
            275,
            278,
            279,
            280,
            282,
            283,
            284,
            285,
            286,
            287,
            288,
            289
          ],
          "excluded_lines": []
        },
        "MainWindow.update_transcription_button_state": {
          "executed_lines": [],
          "summary": {
            "covered_lines": 0,
            "num_statements": 10,
            "percent_covered": 0.0,
            "percent_covered_display": "0",
            "missing_lines": 10,
            "excluded_lines": 0
          },
          "missing_lines": [
            293,
            294,
            295,
            296,
            297,
            300,
            301,
            303,
            304,
            306
          ],
          "excluded_lines": []
        },
        "MainWindow.closeEvent": {
          "executed_lines": [],
          "summary": {
            "covered_lines": 0,
            "num_statements": 3,
            "percent_covered": 0.0,
            "percent_covered_display": "0",
            "missing_lines": 3,
            "excluded_lines": 0
          },
          "missing_lines": [
            310,
            311,
            312
          ],
          "excluded_lines": []
        },
        "MainWindow.notify_update_available": {
          "executed_lines": [],
          "summary": {
            "covered_lines": 0,
            "num_statements": 6,
            "percent_covered": 0.0,
            "percent_covered_display": "0",
            "missing_lines": 6,
            "excluded_lines": 0
          },
          "missing_lines": [
            316,
            317,
            318,
            319,
            320,
            321
          ],
          "excluded_lines": []
        },
        "MainWindow.update_status_bar_cursor": {
          "executed_lines": [],
          "summary": {
            "covered_lines": 0,
            "num_statements": 4,
            "percent_covered": 0.0,
            "percent_covered_display": "0",
            "missing_lines": 4,
            "excluded_lines": 0
          },
          "missing_lines": [
            325,
            326,
            328,
            329
          ],
          "excluded_lines": []
        },
        "MainWindow.handle_status_bar_click": {
          "executed_lines": [],
          "summary": {
            "covered_lines": 0,
            "num_statements": 9,
            "percent_covered": 0.0,
            "percent_covered_display": "0",
            "missing_lines": 9,
            "excluded_lines": 0
          },
          "missing_lines": [
            333,
            334,
            335,
            336,
            337,
            338,
            339,
            340,
            341
          ],
          "excluded_lines": []
        },
        "MainWindow.select_file": {
          "executed_lines": [],
          "summary": {
            "covered_lines": 0,
            "num_statements": 12,
            "percent_covered": 0.0,
            "percent_covered_display": "0",
            "missing_lines": 12,
            "excluded_lines": 0
          },
          "missing_lines": [
            345,
            346,
            347,
            348,
            349,
            350,
            351,
            352,
            353,
            354,
            355,
            356
          ],
          "excluded_lines": []
        },
        "MainWindow.select_folder": {
          "executed_lines": [],
          "summary": {
            "covered_lines": 0,
            "num_statements": 16,
            "percent_covered": 0.0,
            "percent_covered_display": "0",
            "missing_lines": 16,
            "excluded_lines": 0
          },
          "missing_lines": [
            360,
            361,
            362,
            363,
            364,
            365,
            366,
            367,
            368,
            369,
            370,
            371,
            372,
            373,
            374,
            375
          ],
          "excluded_lines": []
        },
        "MainWindow.show_context_menu": {
          "executed_lines": [],
          "summary": {
            "covered_lines": 0,
            "num_statements": 11,
            "percent_covered": 0.0,
            "percent_covered_display": "0",
            "missing_lines": 11,
            "excluded_lines": 0
          },
          "missing_lines": [
            379,
            380,
            381,
            382,
            383,
            384,
            385,
            386,
            387,
            388,
            389
          ],
          "excluded_lines": []
        },
        "MainWindow.remove_from_queue": {
          "executed_lines": [],
          "summary": {
            "covered_lines": 0,
            "num_statements": 9,
            "percent_covered": 0.0,
            "percent_covered_display": "0",
            "missing_lines": 9,
            "excluded_lines": 0
          },
          "missing_lines": [
            393,
            394,
            395,
            396,
            397,
            398,
            399,
            400,
            401
          ],
          "excluded_lines": []
        },
        "MainWindow.open_word_editor": {
          "executed_lines": [],
          "summary": {
            "covered_lines": 0,
            "num_statements": 9,
            "percent_covered": 0.0,
            "percent_covered_display": "0",
            "missing_lines": 9,
            "excluded_lines": 0
          },
          "missing_lines": [
            405,
            406,
            407,
            408,
            409,
            410,
            411,
            412,
            413
          ],
          "excluded_lines": []
        },
        "MainWindow.open_log_file": {
          "executed_lines": [],
          "summary": {
            "covered_lines": 0,
            "num_statements": 13,
            "percent_covered": 0.0,
            "percent_covered_display": "0",
            "missing_lines": 13,
            "excluded_lines": 0
          },
          "missing_lines": [
            417,
            418,
            419,
            420,
            421,
            422,
            424,
            425,
            426,
            427,
            428,
            429,
            430
          ],
          "excluded_lines": []
        },
        "MainWindow.backup_transcriptions": {
          "executed_lines": [],
          "summary": {
            "covered_lines": 0,
            "num_statements": 31,
            "percent_covered": 0.0,
            "percent_covered_display": "0",
            "missing_lines": 31,
            "excluded_lines": 0
          },
          "missing_lines": [
            434,
            435,
            436,
            437,
            438,
            439,
            440,
            441,
            442,
            443,
            444,
            445,
            446,
            447,
            453,
            454,
            455,
            456,
            457,
            458,
            459,
            460,
            461,
            462,
            463,
            464,
            465,
            466,
            467,
            468,
            469
          ],
          "excluded_lines": []
        },
        "MainWindow.open_debug_log_file": {
          "executed_lines": [],
          "summary": {
            "covered_lines": 0,
            "num_statements": 13,
            "percent_covered": 0.0,
            "percent_covered_display": "0",
            "missing_lines": 13,
            "excluded_lines": 0
          },
          "missing_lines": [
            473,
            474,
            475,
            476,
            477,
            478,
            480,
            481,
            482,
            483,
            484,
            485,
            486
          ],
          "excluded_lines": []
        },
        "MainWindow.open_settings_dialog": {
          "executed_lines": [],
          "summary": {
            "covered_lines": 0,
            "num_statements": 33,
            "percent_covered": 0.0,
            "percent_covered_display": "0",
            "missing_lines": 33,
            "excluded_lines": 0
          },
          "missing_lines": [
            490,
            491,
            493,
            495,
            496,
            497,
            498,
            499,
            500,
            502,
            503,
            505,
            506,
            507,
            508,
            509,
            510,
            511,
            512,
            513,
            514,
            515,
            516,
            517,
            518,
            519,
            520,
            521,
            522,
            523,
            524,
            525,
            526
          ],
          "excluded_lines": []
        },
        "MainWindow.start_transcription": {
          "executed_lines": [],
          "summary": {
            "covered_lines": 0,
            "num_statements": 21,
            "percent_covered": 0.0,
            "percent_covered_display": "0",
            "missing_lines": 21,
            "excluded_lines": 0
          },
          "missing_lines": [
            530,
            531,
            536,
            537,
            538,
            539,
            540,
            541,
            542,
            543,
            544,
            545,
            546,
            547,
            548,
            549,
            550,
            551,
            552,
            553,
            554
          ],
          "excluded_lines": []
        },
        "MainWindow.update_current_file": {
          "executed_lines": [],
          "summary": {
            "covered_lines": 0,
            "num_statements": 7,
            "percent_covered": 0.0,
            "percent_covered_display": "0",
            "missing_lines": 7,
            "excluded_lines": 0
          },
          "missing_lines": [
            558,
            559,
            560,
            561,
            562,
            563,
            564
          ],
          "excluded_lines": []
        },
        "MainWindow.stop_transcription": {
          "executed_lines": [],
          "summary": {
            "covered_lines": 0,
            "num_statements": 12,
            "percent_covered": 0.0,
            "percent_covered_display": "0",
            "missing_lines": 12,
            "excluded_lines": 0
          },
          "missing_lines": [
            568,
            569,
            570,
            571,
            572,
            573,
            574,
            575,
            576,
            577,
            578,
            579
          ],
          "excluded_lines": []
        },
        "MainWindow.update_elapsed_time": {
          "executed_lines": [],
          "summary": {
            "covered_lines": 0,
            "num_statements": 5,
            "percent_covered": 0.0,
            "percent_covered_display": "0",
            "missing_lines": 5,
            "excluded_lines": 0
          },
          "missing_lines": [
            583,
            584,
            585,
            586,
            587
          ],
          "excluded_lines": []
        },
        "MainWindow.transcription_done": {
          "executed_lines": [],
          "summary": {
            "covered_lines": 0,
            "num_statements": 10,
            "percent_covered": 0.0,
            "percent_covered_display": "0",
            "missing_lines": 10,
            "excluded_lines": 0
          },
          "missing_lines": [
            591,
            592,
            593,
            594,
            595,
            596,
            597,
            598,
            599,
            600
          ],
          "excluded_lines": []
        },
        "MainWindow.transcription_failed": {
          "executed_lines": [],
          "summary": {
            "covered_lines": 0,
            "num_statements": 9,
            "percent_covered": 0.0,
            "percent_covered_display": "0",
            "missing_lines": 9,
            "excluded_lines": 0
          },
          "missing_lines": [
            604,
            605,
            606,
            607,
            608,
            609,
            610,
            611,
            612
          ],
          "excluded_lines": []
        },
        "MainWindow.open_help_link": {
          "executed_lines": [],
          "summary": {
            "covered_lines": 0,
            "num_statements": 8,
            "percent_covered": 0.0,
            "percent_covered_display": "0",
            "missing_lines": 8,
            "excluded_lines": 0
          },
          "missing_lines": [
            616,
            617,
            618,
            619,
            620,
            621,
            622,
            623
          ],
          "excluded_lines": []
        },
        "MainWindow.show_about": {
          "executed_lines": [],
          "summary": {
            "covered_lines": 0,
            "num_statements": 7,
            "percent_covered": 0.0,
            "percent_covered_display": "0",
            "missing_lines": 7,
            "excluded_lines": 0
          },
          "missing_lines": [
            627,
            628,
            657,
            662,
            663,
            664,
            665
          ],
          "excluded_lines": []
        },
        "MainWindow.show_about.AboutDialog.__init__": {
          "executed_lines": [],
          "summary": {
            "covered_lines": 0,
            "num_statements": 27,
            "percent_covered": 0.0,
            "percent_covered_display": "0",
            "missing_lines": 27,
            "excluded_lines": 0
          },
          "missing_lines": [
            629,
            630,
            631,
            632,
            633,
            634,
            635,
            636,
            637,
            638,
            639,
            640,
            641,
            642,
            643,
            644,
            645,
            646,
            647,
            648,
            649,
            650,
            651,
            652,
            653,
            654,
            655
          ],
          "excluded_lines": []
        },
        "MainWindow.show_about.AboutDialog.mousePressEvent": {
          "executed_lines": [],
          "summary": {
            "covered_lines": 0,
            "num_statements": 3,
            "percent_covered": 0.0,
            "percent_covered_display": "0",
            "missing_lines": 3,
            "excluded_lines": 0
          },
          "missing_lines": [
            658,
            659,
            660
          ],
          "excluded_lines": []
        },
        "MainWindow.show_summary_panel": {
          "executed_lines": [],
          "summary": {
            "covered_lines": 0,
            "num_statements": 38,
            "percent_covered": 0.0,
            "percent_covered_display": "0",
            "missing_lines": 38,
            "excluded_lines": 0
          },
          "missing_lines": [
            669,
            670,
            671,
            672,
            673,
            674,
            675,
            676,
            677,
            678,
            679,
            680,
            681,
            682,
            683,
            684,
            685,
            686,
            687,
            688,
            689,
            690,
            691,
            692,
            693,
            694,
            697,
            698,
            699,
            700,
            701,
            702,
            703,
            704,
            705,
            706,
            707,
            708
          ],
          "excluded_lines": []
        },
        "MainWindow.close_application": {
          "executed_lines": [],
          "summary": {
            "covered_lines": 0,
            "num_statements": 5,
            "percent_covered": 0.0,
            "percent_covered_display": "0",
            "missing_lines": 5,
            "excluded_lines": 0
          },
          "missing_lines": [
            712,
            713,
            714,
            715,
            716
          ],
          "excluded_lines": []
        },
        "": {
          "executed_lines": [],
          "summary": {
            "covered_lines": 0,
            "num_statements": 55,
            "percent_covered": 0.0,
            "percent_covered_display": "0",
            "missing_lines": 55,
            "excluded_lines": 0
          },
          "missing_lines": [
            7,
            8,
            9,
            10,
            11,
            13,
            14,
            15,
            16,
            21,
            23,
            27,
            28,
            29,
            32,
            34,
            35,
            36,
            37,
            38,
            40,
            44,
            82,
            84,
            86,
            108,
            110,
            112,
            116,
            121,
            123,
            291,
            308,
            314,
            323,
            331,
            343,
            358,
            377,
            391,
            403,
            415,
            432,
            471,
            488,
            528,
            556,
            566,
            581,
            589,
            602,
            614,
            625,
            667,
            710
          ],
          "excluded_lines": []
        }
      },
      "classes": {
        "TranscriptionThread": {
          "executed_lines": [],
          "summary": {
            "covered_lines": 0,
            "num_statements": 34,
            "percent_covered": 0.0,
            "percent_covered_display": "0",
            "missing_lines": 34,
            "excluded_lines": 0
          },
          "missing_lines": [
            41,
            42,
            45,
            46,
            47,
            48,
            49,
            50,
            51,
            52,
            53,
            54,
            55,
            56,
            57,
            58,
            63,
            64,
            65,
            66,
            67,
            68,
            69,
            70,
            71,
            72,
            73,
            74,
            75,
            76,
            77,
            78,
            79,
            80
          ],
          "excluded_lines": []
        },
        "BackgroundAppUpdateChecker": {
          "executed_lines": [],
          "summary": {
            "covered_lines": 0,
            "num_statements": 15,
            "percent_covered": 0.0,
            "percent_covered_display": "0",
            "missing_lines": 15,
            "excluded_lines": 0
          },
          "missing_lines": [
            87,
            88,
            93,
            94,
            95,
            96,
            97,
            98,
            99,
            100,
            102,
            103,
            104,
            105,
            106
          ],
          "excluded_lines": []
        },
        "ClickableStatusBar": {
          "executed_lines": [],
          "summary": {
            "covered_lines": 0,
            "num_statements": 5,
            "percent_covered": 0.0,
            "percent_covered_display": "0",
            "missing_lines": 5,
            "excluded_lines": 0
          },
          "missing_lines": [
            113,
            114,
            117,
            118,
            119
          ],
          "excluded_lines": []
        },
        "MainWindow": {
          "executed_lines": [],
          "summary": {
            "covered_lines": 0,
            "num_statements": 428,
            "percent_covered": 0.0,
            "percent_covered_display": "0",
            "missing_lines": 428,
            "excluded_lines": 0
          },
          "missing_lines": [
            125,
            126,
            127,
            128,
            129,
            130,
            131,
            134,
            135,
            136,
            137,
            138,
            140,
            141,
            142,
            143,
            146,
            147,
            150,
            151,
            152,
            153,
            154,
            155,
            156,
            157,
            158,
            159,
            160,
            163,
            164,
            165,
            166,
            169,
            170,
            171,
            172,
            173,
            174,
            175,
            176,
            177,
            178,
            179,
            180,
            181,
            182,
            183,
            186,
            187,
            188,
            189,
            190,
            191,
            192,
            194,
            197,
            198,
            199,
            202,
            203,
            204,
            205,
            206,
            207,
            208,
            210,
            211,
            212,
            213,
            214,
            216,
            219,
            220,
            221,
            222,
            223,
            226,
            227,
            228,
            229,
            232,
            233,
            234,
            235,
            236,
            237,
            238,
            240,
            241,
            242,
            243,
            244,
            245,
            246,
            249,
            250,
            251,
            252,
            253,
            254,
            257,
            258,
            259,
            260,
            263,
            264,
            265,
            266,
            267,
            270,
            271,
            272,
            273,
            274,
            275,
            278,
            279,
            280,
            282,
            283,
            284,
            285,
            286,
            287,
            288,
            289,
            293,
            294,
            295,
            296,
            297,
            300,
            301,
            303,
            304,
            306,
            310,
            311,
            312,
            316,
            317,
            318,
            319,
            320,
            321,
            325,
            326,
            328,
            329,
            333,
            334,
            335,
            336,
            337,
            338,
            339,
            340,
            341,
            345,
            346,
            347,
            348,
            349,
            350,
            351,
            352,
            353,
            354,
            355,
            356,
            360,
            361,
            362,
            363,
            364,
            365,
            366,
            367,
            368,
            369,
            370,
            371,
            372,
            373,
            374,
            375,
            379,
            380,
            381,
            382,
            383,
            384,
            385,
            386,
            387,
            388,
            389,
            393,
            394,
            395,
            396,
            397,
            398,
            399,
            400,
            401,
            405,
            406,
            407,
            408,
            409,
            410,
            411,
            412,
            413,
            417,
            418,
            419,
            420,
            421,
            422,
            424,
            425,
            426,
            427,
            428,
            429,
            430,
            434,
            435,
            436,
            437,
            438,
            439,
            440,
            441,
            442,
            443,
            444,
            445,
            446,
            447,
            453,
            454,
            455,
            456,
            457,
            458,
            459,
            460,
            461,
            462,
            463,
            464,
            465,
            466,
            467,
            468,
            469,
            473,
            474,
            475,
            476,
            477,
            478,
            480,
            481,
            482,
            483,
            484,
            485,
            486,
            490,
            491,
            493,
            495,
            496,
            497,
            498,
            499,
            500,
            502,
            503,
            505,
            506,
            507,
            508,
            509,
            510,
            511,
            512,
            513,
            514,
            515,
            516,
            517,
            518,
            519,
            520,
            521,
            522,
            523,
            524,
            525,
            526,
            530,
            531,
            536,
            537,
            538,
            539,
            540,
            541,
            542,
            543,
            544,
            545,
            546,
            547,
            548,
            549,
            550,
            551,
            552,
            553,
            554,
            558,
            559,
            560,
            561,
            562,
            563,
            564,
            568,
            569,
            570,
            571,
            572,
            573,
            574,
            575,
            576,
            577,
            578,
            579,
            583,
            584,
            585,
            586,
            587,
            591,
            592,
            593,
            594,
            595,
            596,
            597,
            598,
            599,
            600,
            604,
            605,
            606,
            607,
            608,
            609,
            610,
            611,
            612,
            616,
            617,
            618,
            619,
            620,
            621,
            622,
            623,
            627,
            628,
            657,
            662,
            663,
            664,
            665,
            669,
            670,
            671,
            672,
            673,
            674,
            675,
            676,
            677,
            678,
            679,
            680,
            681,
            682,
            683,
            684,
            685,
            686,
            687,
            688,
            689,
            690,
            691,
            692,
            693,
            694,
            697,
            698,
            699,
            700,
            701,
            702,
            703,
            704,
            705,
            706,
            707,
            708,
            712,
            713,
            714,
            715,
            716
          ],
          "excluded_lines": []
        },
        "MainWindow.show_about.AboutDialog": {
          "executed_lines": [],
          "summary": {
            "covered_lines": 0,
            "num_statements": 30,
            "percent_covered": 0.0,
            "percent_covered_display": "0",
            "missing_lines": 30,
            "excluded_lines": 0
          },
          "missing_lines": [
            629,
            630,
            631,
            632,
            633,
            634,
            635,
            636,
            637,
            638,
            639,
            640,
            641,
            642,
            643,
            644,
            645,
            646,
            647,
            648,
            649,
            650,
            651,
            652,
            653,
            654,
            655,
            658,
            659,
            660
          ],
          "excluded_lines": []
        },
        "": {
          "executed_lines": [],
          "summary": {
            "covered_lines": 0,
            "num_statements": 55,
            "percent_covered": 0.0,
            "percent_covered_display": "0",
            "missing_lines": 55,
            "excluded_lines": 0
          },
          "missing_lines": [
            7,
            8,
            9,
            10,
            11,
            13,
            14,
            15,
            16,
            21,
            23,
            27,
            28,
            29,
            32,
            34,
            35,
            36,
            37,
            38,
            40,
            44,
            82,
            84,
            86,
            108,
            110,
            112,
            116,
            121,
            123,
            291,
            308,
            314,
            323,
            331,
            343,
            358,
            377,
            391,
            403,
            415,
            432,
            471,
            488,
            528,
            556,
            566,
            581,
            589,
            602,
            614,
            625,
            667,
            710
          ],
          "excluded_lines": []
        }
      }
    },
    "gui/settings_dialog.py": {
      "executed_lines": [],
      "summary": {
        "covered_lines": 0,
        "num_statements": 211,
        "percent_covered": 0.0,
        "percent_covered_display": "0",
        "missing_lines": 211,
        "excluded_lines": 0
      },
      "missing_lines": [
        8,
        9,
        11,
        12,
        13,
        18,
        21,
        23,
        25,
        26,
        27,
        28,
        29,
        30,
        33,
        34,
        35,
        36,
        37,
        38,
        39,
        40,
        43,
        44,
        45,
        48,
        49,
        50,
        51,
        52,
        54,
        55,
        56,
        57,
        58,
        59,
        60,
        61,
        62,
        63,
        64,
        65,
        67,
        68,
        69,
        70,
        71,
        72,
        74,
        75,
        76,
        79,
        80,
        81,
        82,
        83,
        85,
        86,
        87,
        88,
        89,
        90,
        91,
        92,
        93,
        94,
        95,
        96,
        98,
        99,
        100,
        101,
        102,
        103,
        105,
        106,
        107,
        110,
        111,
        112,
        113,
        114,
        116,
        117,
        118,
        119,
        121,
        122,
        123,
        124,
        125,
        126,
        127,
        128,
        129,
        130,
        131,
        132,
        134,
        135,
        136,
        139,
        140,
        141,
        142,
        143,
        145,
        146,
        147,
        148,
        150,
        151,
        152,
        153,
        154,
        155,
        156,
        157,
        158,
        159,
        160,
        161,
        162,
        164,
        165,
        166,
        169,
        170,
        171,
        172,
        173,
        174,
        175,
        178,
        179,
        180,
        181,
        182,
        183,
        184,
        185,
        186,
        187,
        188,
        189,
        190,
        191,
        192,
        193,
        195,
        196,
        197,
        198,
        200,
        202,
        208,
        210,
        212,
        213,
        214,
        216,
        218,
        225,
        227,
        229,
        230,
        231,
        233,
        235,
        241,
        242,
        243,
        244,
        246,
        248,
        249,
        250,
        251,
        252,
        253,
        255,
        256,
        257,
        258,
        259,
        260,
        261,
        262,
        263,
        264,
        266,
        273,
        277,
        278,
        279,
        280,
        281,
        282,
        283,
        284,
        285,
        286,
        287,
        288,
        289,
        290,
        292,
        294,
        295,
        296,
        297
      ],
      "excluded_lines": [],
      "functions": {
        "SettingsDialog.__init__": {
          "executed_lines": [],
          "summary": {
            "covered_lines": 0,
            "num_statements": 145,
            "percent_covered": 0.0,
            "percent_covered_display": "0",
            "missing_lines": 145,
            "excluded_lines": 0
          },
          "missing_lines": [
            25,
            26,
            27,
            28,
            29,
            30,
            33,
            34,
            35,
            36,
            37,
            38,
            39,
            40,
            43,
            44,
            45,
            48,
            49,
            50,
            51,
            52,
            54,
            55,
            56,
            57,
            58,
            59,
            60,
            61,
            62,
            63,
            64,
            65,
            67,
            68,
            69,
            70,
            71,
            72,
            74,
            75,
            76,
            79,
            80,
            81,
            82,
            83,
            85,
            86,
            87,
            88,
            89,
            90,
            91,
            92,
            93,
            94,
            95,
            96,
            98,
            99,
            100,
            101,
            102,
            103,
            105,
            106,
            107,
            110,
            111,
            112,
            113,
            114,
            116,
            117,
            118,
            119,
            121,
            122,
            123,
            124,
            125,
            126,
            127,
            128,
            129,
            130,
            131,
            132,
            134,
            135,
            136,
            139,
            140,
            141,
            142,
            143,
            145,
            146,
            147,
            148,
            150,
            151,
            152,
            153,
            154,
            155,
            156,
            157,
            158,
            159,
            160,
            161,
            162,
            164,
            165,
            166,
            169,
            170,
            171,
            172,
            173,
            174,
            175,
            178,
            179,
            180,
            181,
            182,
            183,
            184,
            185,
            186,
            187,
            188,
            189,
            190,
            191,
            192,
            193,
            195,
            196,
            197,
            198
          ],
          "excluded_lines": []
        },
        "SettingsDialog.get_model_description": {
          "executed_lines": [],
          "summary": {
            "covered_lines": 0,
            "num_statements": 2,
            "percent_covered": 0.0,
            "percent_covered_display": "0",
            "missing_lines": 2,
            "excluded_lines": 0
          },
          "missing_lines": [
            202,
            208
          ],
          "excluded_lines": []
        },
        "SettingsDialog.update_model_description": {
          "executed_lines": [],
          "summary": {
            "covered_lines": 0,
            "num_statements": 3,
            "percent_covered": 0.0,
            "percent_covered_display": "0",
            "missing_lines": 3,
            "excluded_lines": 0
          },
          "missing_lines": [
            212,
            213,
            214
          ],
          "excluded_lines": []
        },
        "SettingsDialog.get_logging_description": {
          "executed_lines": [],
          "summary": {
            "covered_lines": 0,
            "num_statements": 2,
            "percent_covered": 0.0,
            "percent_covered_display": "0",
            "missing_lines": 2,
            "excluded_lines": 0
          },
          "missing_lines": [
            218,
            225
          ],
          "excluded_lines": []
        },
        "SettingsDialog.update_logging_description": {
          "executed_lines": [],
          "summary": {
            "covered_lines": 0,
            "num_statements": 3,
            "percent_covered": 0.0,
            "percent_covered_display": "0",
            "missing_lines": 3,
            "excluded_lines": 0
          },
          "missing_lines": [
            229,
            230,
            231
          ],
          "excluded_lines": []
        },
        "SettingsDialog.select_output_folder": {
          "executed_lines": [],
          "summary": {
            "covered_lines": 0,
            "num_statements": 5,
            "percent_covered": 0.0,
            "percent_covered_display": "0",
            "missing_lines": 5,
            "excluded_lines": 0
          },
          "missing_lines": [
            235,
            241,
            242,
            243,
            244
          ],
          "excluded_lines": []
        },
        "SettingsDialog.accept": {
          "executed_lines": [],
          "summary": {
            "covered_lines": 0,
            "num_statements": 32,
            "percent_covered": 0.0,
            "percent_covered_display": "0",
            "missing_lines": 32,
            "excluded_lines": 0
          },
          "missing_lines": [
            248,
            249,
            250,
            251,
            252,
            253,
            255,
            256,
            257,
            258,
            259,
            260,
            261,
            262,
            263,
            264,
            266,
            273,
            277,
            278,
            279,
            280,
            281,
            282,
            283,
            284,
            285,
            286,
            287,
            288,
            289,
            290
          ],
          "excluded_lines": []
        },
        "SettingsDialog.reject": {
          "executed_lines": [],
          "summary": {
            "covered_lines": 0,
            "num_statements": 4,
            "percent_covered": 0.0,
            "percent_covered_display": "0",
            "missing_lines": 4,
            "excluded_lines": 0
          },
          "missing_lines": [
            294,
            295,
            296,
            297
          ],
          "excluded_lines": []
        },
        "": {
          "executed_lines": [],
          "summary": {
            "covered_lines": 0,
            "num_statements": 15,
            "percent_covered": 0.0,
            "percent_covered_display": "0",
            "missing_lines": 15,
            "excluded_lines": 0
          },
          "missing_lines": [
            8,
            9,
            11,
            12,
            13,
            18,
            21,
            23,
            200,
            210,
            216,
            227,
            233,
            246,
            292
          ],
          "excluded_lines": []
        }
      },
      "classes": {
        "SettingsDialog": {
          "executed_lines": [],
          "summary": {
            "covered_lines": 0,
            "num_statements": 196,
[...]
            "missing_lines": 17,
            "excluded_lines": 0
          },
          "missing_lines": [
            102,
            104,
            106,
            109,
            111,
            112,
            113,
            114,
            115,
            117,
            118,
            119,
            120,
            121,
            122,
            123,
            124
          ],
          "excluded_lines": []
        },
        "main": {
          "executed_lines": [],
          "summary": {
            "covered_lines": 0,
            "num_statements": 43,
            "percent_covered": 0.0,
            "percent_covered_display": "0",
            "missing_lines": 43,
            "excluded_lines": 0
          },
          "missing_lines": [
            130,
            131,
            132,
            135,
            136,
            137,
            140,
            141,
            142,
            145,
            146,
            149,
            150,
            153,
            154,
            155,
            156,
            157,
            158,
            159,
            166,
            167,
            170,
            171,
            172,
            173,
            177,
            179,
            214,
            226,
            227,
            229,
            230,
            231,
            232,
            233,
            234,
            235,
            236,
            237,
            238,
            239,
            240
          ],
          "excluded_lines": []
        },
        "main.continue_after_model": {
          "executed_lines": [],
          "summary": {
            "covered_lines": 0,
            "num_statements": 26,
            "percent_covered": 0.0,
            "percent_covered_display": "0",
            "missing_lines": 26,
            "excluded_lines": 0
          },
          "missing_lines": [
            181,
            182,
            183,
            184,
            185,
            186,
            187,
            189,
            190,
            191,
            192,
            193,
            194,
            195,
            197,
            198,
            199,
            204,
            205,
            206,
            207,
            208,
            209,
            210,
            211,
            212
          ],
          "excluded_lines": []
        },
        "main.run_model_download": {
          "executed_lines": [],
          "summary": {
            "covered_lines": 0,
            "num_statements": 5,
            "percent_covered": 0.0,
            "percent_covered_display": "0",
            "missing_lines": 5,
            "excluded_lines": 0
          },
          "missing_lines": [
            216,
            217,
            221,
            222,
            223
          ],
          "excluded_lines": []
        },
        "": {
          "executed_lines": [],
          "summary": {
            "covered_lines": 0,
            "num_statements": 18,
            "percent_covered": 0.0,
            "percent_covered_display": "0",
            "missing_lines": 18,
            "excluded_lines": 0
          },
          "missing_lines": [
            7,
            8,
            9,
            10,
            11,
            13,
            14,
            16,
            25,
            26,
            27,
            30,
            49,
            72,
            96,
            127,
            243,
            244
          ],
          "excluded_lines": []
        }
      },
      "classes": {
        "": {
          "executed_lines": [],
          "summary": {
            "covered_lines": 0,
            "num_statements": 138,
            "percent_covered": 0.0,
            "percent_covered_display": "0",
            "missing_lines": 138,
            "excluded_lines": 0
          },
          "missing_lines": [
            7,
            8,
            9,
            10,
            11,
            13,
            14,
            16,
            25,
            26,
            27,
            30,
            37,
            38,
            40,
            41,
            42,
            43,
            44,
            45,
            46,
            49,
            57,
            58,
            59,
            60,
            61,
            62,
            63,
            64,
            65,
            66,
            67,
            69,
            72,
            81,
            87,
            88,
            89,
            90,
            91,
            92,
            93,
            96,
            102,
            104,
            106,
            109,
            111,
            112,
            113,
            114,
            115,
            117,
            118,
            119,
            120,
            121,
            122,
            123,
            124,
            127,
            130,
            131,
            132,
            135,
            136,
            137,
            140,
            141,
            142,
            145,
            146,
            149,
            150,
            153,
            154,
            155,
            156,
            157,
            158,
            159,
            166,
            167,
            170,
            171,
            172,
            173,
            177,
            179,
            181,
            182,
            183,
            184,
            185,
            186,
            187,
            189,
            190,
            191,
            192,
            193,
            194,
            195,
            197,
            198,
            199,
            204,
            205,
            206,
            207,
            208,
            209,
            210,
            211,
            212,
            214,
            216,
            217,
            221,
            222,
            223,
            226,
            227,
            229,
            230,
            231,
            232,
            233,
            234,
            235,
            236,
            237,
            238,
            239,
            240,
            243,
            244
          ],
          "excluded_lines": []
        }
      }
    },
    "tests/test_config.py": {
      "executed_lines": [
        4,
        5,
        6,
        8,
        9,
        10,
        11,
        12,
        13,
        30,
        31,
        33,
        34,
        35,
        36,
        37,
        38,
        41,
        42,
        44,
        45,
        48,
        50,
        51,
        52,
        53,
        56,
        58,
        60,
        61,
        64,
        66,
        67,
        68,
        69,
        70,
        75,
        77,
        78,
        85,
        86,
        88,
        89,
        90,
        94,
        96,
        97,
        98,
        99,
        101,
        102,
        106,
        108,
        109,
        110,
        113,
        115,
        116,
        117,
        118,
        119,
        120,
        121,
        124,
        126,
        127,
        128,
        129,
        130,
        131,
        132,
        135,
        137,
        138,
        139,
        140,
        141,
        142,
        143,
        146,
        148,
        149,
        150,
        151,
        152,
        153,
        154,
        155,
        158,
        160,
        161,
        162,
        169,
        170,
        171,
        172,
        173,
        174,
        180,
        182,
        183,
        184,
        185,
        186,
        189,
        191,
        192,
        193,
        194,
        195,
        198,
        200,
        201,
        202,
        203,
        204,
        207
      ],
      "summary": {
        "covered_lines": 117,
        "num_statements": 125,
        "percent_covered": 93.6,
        "percent_covered_display": "94",
        "missing_lines": 8,
        "excluded_lines": 0
      },
      "missing_lines": [
        71,
        72,
        91,
        103,
        175,
        176,
        177,
        208
      ],
      "excluded_lines": [],
      "functions": {
        "temp_config_dir": {
          "executed_lines": [
            33,
            34,
            35,
            36,
            37,
            38
          ],
          "summary": {
            "covered_lines": 6,
            "num_statements": 6,
            "percent_covered": 100.0,
            "percent_covered_display": "100",
            "missing_lines": 0,
            "excluded_lines": 0
          },
          "missing_lines": [],
          "excluded_lines": []
        },
        "mock_logger": {
          "executed_lines": [
            44,
            45
          ],
          "summary": {
            "covered_lines": 2,
            "num_statements": 2,
            "percent_covered": 100.0,
            "percent_covered_display": "100",
            "missing_lines": 0,
            "excluded_lines": 0
          },
          "missing_lines": [],
          "excluded_lines": []
        },
        "test_is_model_downloaded_all_files_exist": {
          "executed_lines": [
            50,
            51,
            52,
            53
          ],
          "summary": {
            "covered_lines": 4,
            "num_statements": 4,
            "percent_covered": 100.0,
            "percent_covered_display": "100",
            "missing_lines": 0,
            "excluded_lines": 0
          },
          "missing_lines": [],
          "excluded_lines": []
        },
        "test_is_model_downloaded_missing_files": {
          "executed_lines": [
            58,
            60,
            61
          ],
          "summary": {
            "covered_lines": 3,
            "num_statements": 3,
            "percent_covered": 100.0,
            "percent_covered_display": "100",
            "missing_lines": 0,
            "excluded_lines": 0
          },
          "missing_lines": [],
          "excluded_lines": []
        },
        "test_load_config_default_creation": {
          "executed_lines": [
            66,
            67,
            68,
            69,
            70
          ],
          "summary": {
            "covered_lines": 5,
            "num_statements": 7,
            "percent_covered": 71.42857142857143,
            "percent_covered_display": "71",
            "missing_lines": 2,
            "excluded_lines": 0
          },
          "missing_lines": [
            71,
            72
          ],
          "excluded_lines": []
        },
        "test_load_config_valid_file": {
          "executed_lines": [
            77,
            78,
            85,
            86,
            88,
            89,
            90
          ],
          "summary": {
            "covered_lines": 7,
            "num_statements": 8,
            "percent_covered": 87.5,
            "percent_covered_display": "88",
            "missing_lines": 1,
            "excluded_lines": 0
          },
          "missing_lines": [
            91
          ],
          "excluded_lines": []
        },
        "test_load_config_invalid_json": {
          "executed_lines": [
            96,
            97,
            98,
            99,
            101,
            102
          ],
          "summary": {
            "covered_lines": 6,
            "num_statements": 7,
            "percent_covered": 85.71428571428571,
            "percent_covered_display": "86",
            "missing_lines": 1,
            "excluded_lines": 0
          },
          "missing_lines": [
            103
          ],
          "excluded_lines": []
        },
        "test_validate_config_valid": {
          "executed_lines": [
            108,
            109,
            110
          ],
          "summary": {
            "covered_lines": 3,
            "num_statements": 3,
            "percent_covered": 100.0,
            "percent_covered_display": "100",
            "missing_lines": 0,
            "excluded_lines": 0
          },
          "missing_lines": [],
          "excluded_lines": []
        },
        "test_validate_config_invalid_model": {
          "executed_lines": [
            115,
            116,
            117,
            118,
            119,
            120,
            121
          ],
          "summary": {
            "covered_lines": 7,
            "num_statements": 7,
            "percent_covered": 100.0,
            "percent_covered_display": "100",
            "missing_lines": 0,
            "excluded_lines": 0
          },
          "missing_lines": [],
          "excluded_lines": []
        },
        "test_validate_config_invalid_logging_level": {
          "executed_lines": [
            126,
            127,
            128,
            129,
            130,
            131,
            132
          ],
          "summary": {
            "covered_lines": 7,
            "num_statements": 7,
            "percent_covered": 100.0,
            "percent_covered_display": "100",
            "missing_lines": 0,
            "excluded_lines": 0
          },
          "missing_lines": [],
          "excluded_lines": []
        },
        "test_validate_config_invalid_verbose": {
          "executed_lines": [
            137,
            138,
            139,
            140,
            141,
            142,
            143
          ],
          "summary": {
            "covered_lines": 7,
            "num_statements": 7,
            "percent_covered": 100.0,
            "percent_covered_display": "100",
            "missing_lines": 0,
            "excluded_lines": 0
          },
          "missing_lines": [],
          "excluded_lines": []
        },
        "test_validate_config_invalid_output_folder": {
          "executed_lines": [
            148,
            149,
            150,
            151,
            152,
            153,
            154,
            155
          ],
          "summary": {
            "covered_lines": 8,
            "num_statements": 8,
            "percent_covered": 100.0,
            "percent_covered_display": "100",
            "missing_lines": 0,
            "excluded_lines": 0
          },
          "missing_lines": [],
          "excluded_lines": []
        },
        "test_save_config_success": {
          "executed_lines": [
            160,
            161,
            162,
            169,
            170,
            171,
            172,
            173,
            174
          ],
          "summary": {
            "covered_lines": 9,
            "num_statements": 12,
            "percent_covered": 75.0,
            "percent_covered_display": "75",
            "missing_lines": 3,
            "excluded_lines": 0
          },
          "missing_lines": [
            175,
            176,
            177
          ],
          "excluded_lines": []
        },
        "test_save_config_failure": {
          "executed_lines": [
            182,
            183,
            184,
            185,
            186
          ],
          "summary": {
            "covered_lines": 5,
            "num_statements": 5,
            "percent_covered": 100.0,
            "percent_covered_display": "100",
            "missing_lines": 0,
            "excluded_lines": 0
          },
          "missing_lines": [],
          "excluded_lines": []
        },
        "test_update_logging_verbose_enabled": {
          "executed_lines": [
            191,
            192,
            193,
            194,
            195
          ],
          "summary": {
            "covered_lines": 5,
            "num_statements": 5,
            "percent_covered": 100.0,
            "percent_covered_display": "100",
            "missing_lines": 0,
            "excluded_lines": 0
          },
          "missing_lines": [],
          "excluded_lines": []
        },
        "test_update_logging_verbose_disabled": {
          "executed_lines": [
            200,
            201,
            202,
            203,
            204
          ],
          "summary": {
            "covered_lines": 5,
            "num_statements": 5,
            "percent_covered": 100.0,
            "percent_covered_display": "100",
            "missing_lines": 0,
            "excluded_lines": 0
          },
          "missing_lines": [],
          "excluded_lines": []
        },
        "": {
          "executed_lines": [
            4,
            5,
            6,
            8,
            9,
            10,
            11,
            12,
            13,
            30,
            31,
            41,
            42,
            48,
            56,
            64,
            75,
            94,
            106,
            113,
            124,
            135,
            146,
            158,
            180,
            189,
            198,
            207
          ],
          "summary": {
            "covered_lines": 28,
            "num_statements": 29,
            "percent_covered": 96.55172413793103,
            "percent_covered_display": "97",
            "missing_lines": 1,
            "excluded_lines": 0
          },
          "missing_lines": [
            208
          ],
          "excluded_lines": []
        }
      },
      "classes": {
        "": {
          "executed_lines": [
            4,
            5,
            6,
            8,
            9,
            10,
            11,
            12,
            13,
            30,
            31,
            33,
            34,
            35,
            36,
            37,
            38,
            41,
            42,
            44,
            45,
            48,
            50,
            51,
            52,
            53,
            56,
            58,
            60,
            61,
            64,
            66,
            67,
            68,
            69,
            70,
            75,
            77,
            78,
            85,
            86,
            88,
            89,
            90,
            94,
            96,
            97,
            98,
            99,
            101,
            102,
            106,
            108,
            109,
            110,
            113,
            115,
            116,
            117,
            118,
            119,
            120,
            121,
            124,
            126,
            127,
            128,
            129,
            130,
            131,
            132,
            135,
            137,
            138,
            139,
            140,
            141,
            142,
            143,
            146,
            148,
            149,
            150,
            151,
            152,
            153,
            154,
            155,
            158,
            160,
            161,
            162,
            169,
            170,
            171,
            172,
            173,
            174,
            180,
            182,
            183,
            184,
            185,
            186,
            189,
            191,
            192,
            193,
            194,
            195,
            198,
            200,
            201,
            202,
            203,
            204,
            207
          ],
          "summary": {
            "covered_lines": 117,
            "num_statements": 125,
            "percent_covered": 93.6,
            "percent_covered_display": "94",
            "missing_lines": 8,
            "excluded_lines": 0
          },
          "missing_lines": [
            71,
            72,
            91,
            103,
            175,
            176,
            177,
            208
          ],
          "excluded_lines": []
        }
      }
    }
  },
  "totals": {
    "covered_lines": 227,
    "num_statements": 1596,
    "percent_covered": 14.223057644110275,
    "percent_covered_display": "14",
    "missing_lines": 1369,
    "excluded_lines": 0
  }
}